<?xml version="1.0" encoding="UTF-8"?>
<testsuite name="Sing up in the website Utest" tests="1" skipped="0" failures="0" errors="0" timestamp="2021-08-23T21:24:34" hostname="DESKTOP-9AR892A" time="63.206">
  <properties/>
  <testcase name="Sign up in the website uTest" classname="Sing up in the website Utest" time="63.206"/>
  <system-out><![CDATA[]]></system-out>
  <system-err><![CDATA[ago 23, 2021 4:24:35 PM org.openqa.selenium.remote.DesiredCapabilities chrome
INFORMACIÓN: Using `new ChromeOptions()` is preferred to `DesiredCapabilities.chrome()`
Starting ChromeDriver 92.0.4515.107 (87a818b10553a07434ea9e2b6dccf3cbe7895134-refs/branch-heads/4515@{#1634}) on port 26289
Only local connections are allowed.
Please see https://chromedriver.chromium.org/security-considerations for suggestions on keeping ChromeDriver safe.
ChromeDriver was started successfully.
ago 23, 2021 4:24:37 PM org.openqa.selenium.remote.ProtocolHandshake createSession
INFORMACIÓN: Detected dialect: W3C
[Test worker] INFO net.serenitybdd.core.Serenity - 
        __    _____ _____ ____ _____   ____   _    ____  ____  _____ ____  
  _     \ \  |_   _| ____/ ___|_   _| |  _ \ / \  / ___|/ ___|| ____|  _ \ 
 (_)_____| |   | | |  _| \___ \ | |   | |_) / _ \ \___ \\___ \|  _| | | | |
  _|_____| |   | | | |___ ___) || |   |  __/ ___ \ ___) |___) | |___| |_| |
 (_)     | |   |_| |_____|____/ |_|   |_| /_/   \_\____/|____/|_____|____/ 
        /_/                                                                

TEST PASSED: Sign up in the website uTest
----------------------------------------------------------------------------
]]></system-err>
</testsuite>
